<?xml version="1.0" encoding="UTF-8"?>
<testsuite xmlns:xsi="http://www.w3.org/2001/XMLSchema-instance" xsi:schemaLocation="https://maven.apache.org/surefire/maven-surefire-plugin/xsd/surefire-test-report.xsd" name="TestSuite" time="18.527" tests="9" errors="0" skipped="4" failures="4">
  <properties>
[...]
</properties>
  <testcase name="invalid_emailAndPassword_LoginTest1" classname="com.tests.LoginTest" time="0">
    <skipped message="element not interactable&#10;  (Session info: chrome=91.0.4472.124)&#10;Build info: version: &apos;4.0.0-beta-4&apos;, revision: &apos;29f46d02dd&apos;&#10;System info: host: &apos;MUNTASIR-PC&apos;, ip: &apos;192.168.1.185&apos;, os.name: &apos;Windows 10&apos;, os.arch: &apos;amd64&apos;, os.version: &apos;10.0&apos;, java.version: &apos;1.8.0_281&apos;&#10;Driver info: org.openqa.selenium.chrome.ChromeDriver&#10;Command: [7da62bf332bbf5c18ae4bdf6e4cdfce4, clickElement {id=c1d83b41-97d8-4042-991f-5d3f656377c8}]&#10;Capabilities {acceptInsecureCerts: false, browserName: chrome, browserVersion: 91.0.4472.124, chrome: {chromedriverVersion: 91.0.4472.19 (1bf021f248676..., userDataDir: C:\Windows\TEMP\scoped_dir9...}, goog:chromeOptions: {debuggerAddress: localhost:62546}, javascriptEnabled: true, networkConnectionEnabled: false, pageLoadStrategy: normal, platform: WINDOWS, platformName: WINDOWS, proxy: Proxy(), se:cdp: ws://localhost:62546/devtoo..., se:cdpVersion: 91.0.4472.124, setWindowRect: true, strictFileInteractability: false, timeouts: {implicit: 0, pageLoad: 300000, script: 30000}, unhandledPromptBehavior: dismiss and notify, webauthn:extension:largeBlob: true, webauthn:virtualAuthenticators: true}&#10;Element: [[ChromeDriver: chrome on WINDOWS (7da62bf332bbf5c18ae4bdf6e4cdfce4)] -&gt; xpath: //span[contains(text(),&apos;My Account&apos;)]]&#10;Session ID: 7da62bf332bbf5c18ae4bdf6e4cdfce4"/>
    <system-out><![CDATA[[INFO ] 2021-07-09 15:53:48.685 [main] Log - I am in onStart method POMframeworkWithExtentReport
[INFO ] 2021-07-09 15:53:48.716 [main] Log - test is starting ....
[INFO ] 2021-07-09 15:53:52.117 [main] Log - invalid_emailAndPassword_LoginTest1 test is starting.
[INFO ] 2021-07-09 15:53:52.411 [main] Log - go to opencart home page
[INFO ] 2021-07-09 15:53:54.189 [main] Log - go to login page 
]]></system-out>
    <system-err><![CDATA[SLF4J: Failed to load class "org.slf4j.impl.StaticLoggerBinder".
SLF4J: Defaulting to no-operation (NOP) logger implementation
SLF4J: See http://www.slf4j.org/codes.html#StaticLoggerBinder for further details.
Starting ChromeDriver 91.0.4472.19 (1bf021f248676a0b2ab3ee0561d83a59e424c23e-refs/branch-heads/4472@{#288}) on port 6082
Only local connections are allowed.
Please see https://chromedriver.chromium.org/security-considerations for suggestions on keeping ChromeDriver safe.
ChromeDriver was started successfully.
Jul 09, 2021 3:53:51 PM org.openqa.selenium.remote.ProtocolHandshake createSession
INFO: Detected dialect: W3C
Jul 09, 2021 3:53:51 PM org.openqa.selenium.devtools.CdpVersionFinder findNearestMatch
INFO: Found exact CDP implementation for version 91
]]></system-err>
  </testcase>
  <testcase name="invalid_emailAndPassword_LoginTest1" classname="com.tests.LoginTest" time="1.424">
    <failure message="element not interactable&#10;  (Session info: chrome=91.0.4472.124)&#10;Build info: version: &apos;4.0.0-beta-4&apos;, revision: &apos;29f46d02dd&apos;&#10;System info: host: &apos;MUNTASIR-PC&apos;, ip: &apos;192.168.1.185&apos;, os.name: &apos;Windows 10&apos;, os.arch: &apos;amd64&apos;, os.version: &apos;10.0&apos;, java.version: &apos;1.8.0_281&apos;&#10;Driver info: org.openqa.selenium.chrome.ChromeDriver&#10;Command: [7da62bf332bbf5c18ae4bdf6e4cdfce4, clickElement {id=8deceb13-62fd-4719-9176-53863ca83e6b}]&#10;Capabilities {acceptInsecureCerts: false, browserName: chrome, browserVersion: 91.0.4472.124, chrome: {chromedriverVersion: 91.0.4472.19 (1bf021f248676..., userDataDir: C:\Windows\TEMP\scoped_dir9...}, goog:chromeOptions: {debuggerAddress: localhost:62546}, javascriptEnabled: true, networkConnectionEnabled: false, pageLoadStrategy: normal, platform: WINDOWS, platformName: WINDOWS, proxy: Proxy(), se:cdp: ws://localhost:62546/devtoo..., se:cdpVersion: 91.0.4472.124, setWindowRect: true, strictFileInteractability: false, timeouts: {implicit: 0, pageLoad: 300000, script: 30000}, unhandledPromptBehavior: dismiss and notify, webauthn:extension:largeBlob: true, webauthn:virtualAuthenticators: true}&#10;Element: [[ChromeDriver: chrome on WINDOWS (7da62bf332bbf5c18ae4bdf6e4cdfce4)] -&gt; xpath: //span[contains(text(),&apos;My Account&apos;)]]&#10;Session ID: 7da62bf332bbf5c18ae4bdf6e4cdfce4" type="org.openqa.selenium.ElementNotInteractableException">org.openqa.selenium.ElementNotInteractableException: 
element not interactable
  (Session info: chrome=91.0.4472.124)
Build info: version: '4.0.0-beta-4', revision: '29f46d02dd'
System info: host: 'MUNTASIR-PC', ip: '192.168.1.185', os.name: 'Windows 10', os.arch: 'amd64', os.version: '10.0', java.version: '1.8.0_281'
Driver info: org.openqa.selenium.chrome.ChromeDriver
Command: [7da62bf332bbf5c18ae4bdf6e4cdfce4, clickElement {id=8deceb13-62fd-4719-9176-53863ca83e6b}]
Capabilities {acceptInsecureCerts: false, browserName: chrome, browserVersion: 91.0.4472.124, chrome: {chromedriverVersion: 91.0.4472.19 (1bf021f248676..., userDataDir: C:\Windows\TEMP\scoped_dir9...}, goog:chromeOptions: {debuggerAddress: localhost:62546}, javascriptEnabled: true, networkConnectionEnabled: false, pageLoadStrategy: normal, platform: WINDOWS, platformName: WINDOWS, proxy: Proxy(), se:cdp: ws://localhost:62546/devtoo..., se:cdpVersion: 91.0.4472.124, setWindowRect: true, strictFileInteractability: false, timeouts: {implicit: 0, pageLoad: 300000, script: 30000}, unhandledPromptBehavior: dismiss and notify, webauthn:extension:largeBlob: true, webauthn:virtualAuthenticators: true}
Element: [[ChromeDriver: chrome on WINDOWS (7da62bf332bbf5c18ae4bdf6e4cdfce4)] -> xpath: //span[contains(text(),'My Account')]]
Session ID: 7da62bf332bbf5c18ae4bdf6e4cdfce4
	at com.tests.LoginTest.invalid_emailAndPassword_LoginTest1(LoginTest.java:14)
</failure>
    <system-out><![CDATA[[INFO ] 2021-07-09 15:53:54.342 [main] Log - invalid_emailAndPassword_LoginTest1 test is skipped.
[INFO ] 2021-07-09 15:53:54.344 [main] Log - invalid_emailAndPassword_LoginTest1 test is starting.
[INFO ] 2021-07-09 15:53:54.344 [main] Log - go to opencart home page
[INFO ] 2021-07-09 15:53:55.724 [main] Log - go to login page 
]]></system-out>
  </testcase>
  <testcase name="testPrint" classname="com.tests.LoginTest" time="0.017"/>
  <testcase name="invalid_emailAndPassword_LoginTest2" classname="com.tests.LoginTest" time="0">
    <skipped message="element not interactable&#10;  (Session info: chrome=91.0.4472.124)&#10;Build info: version: &apos;4.0.0-beta-4&apos;, revision: &apos;29f46d02dd&apos;&#10;System info: host: &apos;MUNTASIR-PC&apos;, ip: &apos;192.168.1.185&apos;, os.name: &apos;Windows 10&apos;, os.arch: &apos;amd64&apos;, os.version: &apos;10.0&apos;, java.version: &apos;1.8.0_281&apos;&#10;Driver info: org.openqa.selenium.chrome.ChromeDriver&#10;Command: [7da62bf332bbf5c18ae4bdf6e4cdfce4, clickElement {id=eae42029-0b41-4a8b-968c-b549670dd063}]&#10;Capabilities {acceptInsecureCerts: false, browserName: chrome, browserVersion: 91.0.4472.124, chrome: {chromedriverVersion: 91.0.4472.19 (1bf021f248676..., userDataDir: C:\Windows\TEMP\scoped_dir9...}, goog:chromeOptions: {debuggerAddress: localhost:62546}, javascriptEnabled: true, networkConnectionEnabled: false, pageLoadStrategy: normal, platform: WINDOWS, platformName: WINDOWS, proxy: Proxy(), se:cdp: ws://localhost:62546/devtoo..., se:cdpVersion: 91.0.4472.124, setWindowRect: true, strictFileInteractability: false, timeouts: {implicit: 0, pageLoad: 300000, script: 30000}, unhandledPromptBehavior: dismiss and notify, webauthn:extension:largeBlob: true, webauthn:virtualAuthenticators: true}&#10;Element: [[ChromeDriver: chrome on WINDOWS (7da62bf332bbf5c18ae4bdf6e4cdfce4)] -&gt; xpath: //span[contains(text(),&apos;My Account&apos;)]]&#10;Session ID: 7da62bf332bbf5c18ae4bdf6e4cdfce4"/>
    <system-out><![CDATA[[INFO ] 2021-07-09 15:53:55.913 [main] Log - testPrint test is succeed.
[INFO ] 2021-07-09 15:53:55.914 [main] Log - invalid_emailAndPassword_LoginTest2 test is starting.
[INFO ] 2021-07-09 15:53:55.914 [main] Log - go to opencart home page
[INFO ] 2021-07-09 15:53:57.360 [main] Log - go to login page 
]]></system-out>
  </testcase>
  <testcase name="invalid_emailAndPassword_LoginTest2" classname="com.tests.LoginTest" time="1.394">
    <failure message="element not interactable&#10;  (Session info: chrome=91.0.4472.124)&#10;Build info: version: &apos;4.0.0-beta-4&apos;, revision: &apos;29f46d02dd&apos;&#10;System info: host: &apos;MUNTASIR-PC&apos;, ip: &apos;192.168.1.185&apos;, os.name: &apos;Windows 10&apos;, os.arch: &apos;amd64&apos;, os.version: &apos;10.0&apos;, java.version: &apos;1.8.0_281&apos;&#10;Driver info: org.openqa.selenium.chrome.ChromeDriver&#10;Command: [7da62bf332bbf5c18ae4bdf6e4cdfce4, clickElement {id=79d17b52-69ee-4b92-97c8-85dcf44454b0}]&#10;Capabilities {acceptInsecureCerts: false, browserName: chrome, browserVersion: 91.0.4472.124, chrome: {chromedriverVersion: 91.0.4472.19 (1bf021f248676..., userDataDir: C:\Windows\TEMP\scoped_dir9...}, goog:chromeOptions: {debuggerAddress: localhost:62546}, javascriptEnabled: true, networkConnectionEnabled: false, pageLoadStrategy: normal, platform: WINDOWS, platformName: WINDOWS, proxy: Proxy(), se:cdp: ws://localhost:62546/devtoo..., se:cdpVersion: 91.0.4472.124, setWindowRect: true, strictFileInteractability: false, timeouts: {implicit: 0, pageLoad: 300000, script: 30000}, unhandledPromptBehavior: dismiss and notify, webauthn:extension:largeBlob: true, webauthn:virtualAuthenticators: true}&#10;Element: [[ChromeDriver: chrome on WINDOWS (7da62bf332bbf5c18ae4bdf6e4cdfce4)] -&gt; xpath: //span[contains(text(),&apos;My Account&apos;)]]&#10;Session ID: 7da62bf332bbf5c18ae4bdf6e4cdfce4" type="org.openqa.selenium.ElementNotInteractableException">org.openqa.selenium.ElementNotInteractableException: 
element not interactable
  (Session info: chrome=91.0.4472.124)
Build info: version: '4.0.0-beta-4', revision: '29f46d02dd'
System info: host: 'MUNTASIR-PC', ip: '192.168.1.185', os.name: 'Windows 10', os.arch: 'amd64', os.version: '10.0', java.version: '1.8.0_281'
Driver info: org.openqa.selenium.chrome.ChromeDriver
Command: [7da62bf332bbf5c18ae4bdf6e4cdfce4, clickElement {id=79d17b52-69ee-4b92-97c8-85dcf44454b0}]
Capabilities {acceptInsecureCerts: false, browserName: chrome, browserVersion: 91.0.4472.124, chrome: {chromedriverVersion: 91.0.4472.19 (1bf021f248676..., userDataDir: C:\Windows\TEMP\scoped_dir9...}, goog:chromeOptions: {debuggerAddress: localhost:62546}, javascriptEnabled: true, networkConnectionEnabled: false, pageLoadStrategy: normal, platform: WINDOWS, platformName: WINDOWS, proxy: Proxy(), se:cdp: ws://localhost:62546/devtoo..., se:cdpVersion: 91.0.4472.124, setWindowRect: true, strictFileInteractability: false, timeouts: {implicit: 0, pageLoad: 300000, script: 30000}, unhandledPromptBehavior: dismiss and notify, webauthn:extension:largeBlob: true, webauthn:virtualAuthenticators: true}
Element: [[ChromeDriver: chrome on WINDOWS (7da62bf332bbf5c18ae4bdf6e4cdfce4)] -> xpath: //span[contains(text(),'My Account')]]
Session ID: 7da62bf332bbf5c18ae4bdf6e4cdfce4
	at com.tests.LoginTest.invalid_emailAndPassword_LoginTest2(LoginTest.java:21)
</failure>
    <system-out><![CDATA[[INFO ] 2021-07-09 15:53:57.514 [main] Log - invalid_emailAndPassword_LoginTest2 test is skipped.
[INFO ] 2021-07-09 15:53:57.515 [main] Log - invalid_emailAndPassword_LoginTest2 test is starting.
[INFO ] 2021-07-09 15:53:57.516 [main] Log - go to opencart home page
[INFO ] 2021-07-09 15:53:58.877 [main] Log - go to login page 
]]></system-out>
  </testcase>
  <testcase name="invalid_emailAndPassword_LoginTest3" classname="com.tests.LoginTest" time="0">
    <skipped message="element not interactable&#10;  (Session info: chrome=91.0.4472.124)&#10;Build info: version: &apos;4.0.0-beta-4&apos;, revision: &apos;29f46d02dd&apos;&#10;System info: host: &apos;MUNTASIR-PC&apos;, ip: &apos;192.168.1.185&apos;, os.name: &apos;Windows 10&apos;, os.arch: &apos;amd64&apos;, os.version: &apos;10.0&apos;, java.version: &apos;1.8.0_281&apos;&#10;Driver info: org.openqa.selenium.chrome.ChromeDriver&#10;Command: [7da62bf332bbf5c18ae4bdf6e4cdfce4, clickElement {id=5bece046-cb28-4ba5-b11c-f11e99220e64}]&#10;Capabilities {acceptInsecureCerts: false, browserName: chrome, browserVersion: 91.0.4472.124, chrome: {chromedriverVersion: 91.0.4472.19 (1bf021f248676..., userDataDir: C:\Windows\TEMP\scoped_dir9...}, goog:chromeOptions: {debuggerAddress: localhost:62546}, javascriptEnabled: true, networkConnectionEnabled: false, pageLoadStrategy: normal, platform: WINDOWS, platformName: WINDOWS, proxy: Proxy(), se:cdp: ws://localhost:62546/devtoo..., se:cdpVersion: 91.0.4472.124, setWindowRect: true, strictFileInteractability: false, timeouts: {implicit: 0, pageLoad: 300000, script: 30000}, unhandledPromptBehavior: dismiss and notify, webauthn:extension:largeBlob: true, webauthn:virtualAuthenticators: true}&#10;Element: [[ChromeDriver: chrome on WINDOWS (7da62bf332bbf5c18ae4bdf6e4cdfce4)] -&gt; xpath: //span[contains(text(),&apos;My Account&apos;)]]&#10;Session ID: 7da62bf332bbf5c18ae4bdf6e4cdfce4"/>
    <system-out><![CDATA[[INFO ] 2021-07-09 15:53:58.912 [main] Log - invalid_emailAndPassword_LoginTest2 test is failed.
[INFO ] 2021-07-09 15:53:59.040 [main] Log - invalid_emailAndPassword_LoginTest3 test is starting.
[INFO ] 2021-07-09 15:53:59.040 [main] Log - go to opencart home page
[INFO ] 2021-07-09 15:54:00.372 [main] Log - go to login page 
]]></system-out>
  </testcase>
  <testcase name="invalid_emailAndPassword_LoginTest3" classname="com.tests.LoginTest" time="1.426">
    <failure message="element not interactable&#10;  (Session info: chrome=91.0.4472.124)&#10;Build info: version: &apos;4.0.0-beta-4&apos;, revision: &apos;29f46d02dd&apos;&#10;System info: host: &apos;MUNTASIR-PC&apos;, ip: &apos;192.168.1.185&apos;, os.name: &apos;Windows 10&apos;, os.arch: &apos;amd64&apos;, os.version: &apos;10.0&apos;, java.version: &apos;1.8.0_281&apos;&#10;Driver info: org.openqa.selenium.chrome.ChromeDriver&#10;Command: [7da62bf332bbf5c18ae4bdf6e4cdfce4, clickElement {id=90ddc3a3-2691-4c63-9917-719acd9d741c}]&#10;Capabilities {acceptInsecureCerts: false, browserName: chrome, browserVersion: 91.0.4472.124, chrome: {chromedriverVersion: 91.0.4472.19 (1bf021f248676..., userDataDir: C:\Windows\TEMP\scoped_dir9...}, goog:chromeOptions: {debuggerAddress: localhost:62546}, javascriptEnabled: true, networkConnectionEnabled: false, pageLoadStrategy: normal, platform: WINDOWS, platformName: WINDOWS, proxy: Proxy(), se:cdp: ws://localhost:62546/devtoo..., se:cdpVersion: 91.0.4472.124, setWindowRect: true, strictFileInteractability: false, timeouts: {implicit: 0, pageLoad: 300000, script: 30000}, unhandledPromptBehavior: dismiss and notify, webauthn:extension:largeBlob: true, webauthn:virtualAuthenticators: true}&#10;Element: [[ChromeDriver: chrome on WINDOWS (7da62bf332bbf5c18ae4bdf6e4cdfce4)] -&gt; xpath: //span[contains(text(),&apos;My Account&apos;)]]&#10;Session ID: 7da62bf332bbf5c18ae4bdf6e4cdfce4" type="org.openqa.selenium.ElementNotInteractableException">org.openqa.selenium.ElementNotInteractableException: 
element not interactable
  (Session info: chrome=91.0.4472.124)
Build info: version: '4.0.0-beta-4', revision: '29f46d02dd'
System info: host: 'MUNTASIR-PC', ip: '192.168.1.185', os.name: 'Windows 10', os.arch: 'amd64', os.version: '10.0', java.version: '1.8.0_281'
Driver info: org.openqa.selenium.chrome.ChromeDriver
Command: [7da62bf332bbf5c18ae4bdf6e4cdfce4, clickElement {id=90ddc3a3-2691-4c63-9917-719acd9d741c}]
Capabilities {acceptInsecureCerts: false, browserName: chrome, browserVersion: 91.0.4472.124, chrome: {chromedriverVersion: 91.0.4472.19 (1bf021f248676..., userDataDir: C:\Windows\TEMP\scoped_dir9...}, goog:chromeOptions: {debuggerAddress: localhost:62546}, javascriptEnabled: true, networkConnectionEnabled: false, pageLoadStrategy: normal, platform: WINDOWS, platformName: WINDOWS, proxy: Proxy(), se:cdp: ws://localhost:62546/devtoo..., se:cdpVersion: 91.0.4472.124, setWindowRect: true, strictFileInteractability: false, timeouts: {implicit: 0, pageLoad: 300000, script: 30000}, unhandledPromptBehavior: dismiss and notify, webauthn:extension:largeBlob: true, webauthn:virtualAuthenticators: true}
Element: [[ChromeDriver: chrome on WINDOWS (7da62bf332bbf5c18ae4bdf6e4cdfce4)] -> xpath: //span[contains(text(),'My Account')]]
Session ID: 7da62bf332bbf5c18ae4bdf6e4cdfce4
	at com.tests.LoginTest.invalid_emailAndPassword_LoginTest3(LoginTest.java:28)
</failure>
    <system-out><![CDATA[[INFO ] 2021-07-09 15:54:00.520 [main] Log - invalid_emailAndPassword_LoginTest3 test is skipped.
[INFO ] 2021-07-09 15:54:00.521 [main] Log - invalid_emailAndPassword_LoginTest3 test is starting.
[INFO ] 2021-07-09 15:54:00.522 [main] Log - go to opencart home page
[INFO ] 2021-07-09 15:54:01.910 [main] Log - go to login page 
]]></system-out>
  </testcase>
  <testcase name="valid_emailAndPassword_LoginTest" classname="com.tests.LoginTest" time="0">
    <skipped message="element not interactable&#10;  (Session info: chrome=91.0.4472.124)&#10;Build info: version: &apos;4.0.0-beta-4&apos;, revision: &apos;29f46d02dd&apos;&#10;System info: host: &apos;MUNTASIR-PC&apos;, ip: &apos;192.168.1.185&apos;, os.name: &apos;Windows 10&apos;, os.arch: &apos;amd64&apos;, os.version: &apos;10.0&apos;, java.version: &apos;1.8.0_281&apos;&#10;Driver info: org.openqa.selenium.chrome.ChromeDriver&#10;Command: [7da62bf332bbf5c18ae4bdf6e4cdfce4, clickElement {id=308969a8-ae78-4c40-a546-1900d15c5990}]&#10;Capabilities {acceptInsecureCerts: false, browserName: chrome, browserVersion: 91.0.4472.124, chrome: {chromedriverVersion: 91.0.4472.19 (1bf021f248676..., userDataDir: C:\Windows\TEMP\scoped_dir9...}, goog:chromeOptions: {debuggerAddress: localhost:62546}, javascriptEnabled: true, networkConnectionEnabled: false, pageLoadStrategy: normal, platform: WINDOWS, platformName: WINDOWS, proxy: Proxy(), se:cdp: ws://localhost:62546/devtoo..., se:cdpVersion: 91.0.4472.124, setWindowRect: true, strictFileInteractability: false, timeouts: {implicit: 0, pageLoad: 300000, script: 30000}, unhandledPromptBehavior: dismiss and notify, webauthn:extension:largeBlob: true, webauthn:virtualAuthenticators: true}&#10;Element: [[ChromeDriver: chrome on WINDOWS (7da62bf332bbf5c18ae4bdf6e4cdfce4)] -&gt; xpath: //span[contains(text(),&apos;My Account&apos;)]]&#10;Session ID: 7da62bf332bbf5c18ae4bdf6e4cdfce4"/>
    <system-out><![CDATA[[INFO ] 2021-07-09 15:54:01.946 [main] Log - invalid_emailAndPassword_LoginTest3 test is failed.
[INFO ] 2021-07-09 15:54:02.082 [main] Log - valid_emailAndPassword_LoginTest test is starting.
[INFO ] 2021-07-09 15:54:02.082 [main] Log - go to opencart home page
[INFO ] 2021-07-09 15:54:03.448 [main] Log - go to login page 
]]></system-out>
  </testcase>
  <testcase name="valid_emailAndPassword_LoginTest" classname="com.tests.LoginTest" time="1.355">
    <failure message="element not interactable&#10;  (Session info: chrome=91.0.4472.124)&#10;Build info: version: &apos;4.0.0-beta-4&apos;, revision: &apos;29f46d02dd&apos;&#10;System info: host: &apos;MUNTASIR-PC&apos;, ip: &apos;192.168.1.185&apos;, os.name: &apos;Windows 10&apos;, os.arch: &apos;amd64&apos;, os.version: &apos;10.0&apos;, java.version: &apos;1.8.0_281&apos;&#10;Driver info: org.openqa.selenium.chrome.ChromeDriver&#10;Command: [7da62bf332bbf5c18ae4bdf6e4cdfce4, clickElement {id=f5296a2f-8ee5-4cc7-bbb4-dd0432f53921}]&#10;Capabilities {acceptInsecureCerts: false, browserName: chrome, browserVersion: 91.0.4472.124, chrome: {chromedriverVersion: 91.0.4472.19 (1bf021f248676..., userDataDir: C:\Windows\TEMP\scoped_dir9...}, goog:chromeOptions: {debuggerAddress: localhost:62546}, javascriptEnabled: true, networkConnectionEnabled: false, pageLoadStrategy: normal, platform: WINDOWS, platformName: WINDOWS, proxy: Proxy(), se:cdp: ws://localhost:62546/devtoo..., se:cdpVersion: 91.0.4472.124, setWindowRect: true, strictFileInteractability: false, timeouts: {implicit: 0, pageLoad: 300000, script: 30000}, unhandledPromptBehavior: dismiss and notify, webauthn:extension:largeBlob: true, webauthn:virtualAuthenticators: true}&#10;Element: [[ChromeDriver: chrome on WINDOWS (7da62bf332bbf5c18ae4bdf6e4cdfce4)] -&gt; xpath: //span[contains(text(),&apos;My Account&apos;)]]&#10;Session ID: 7da62bf332bbf5c18ae4bdf6e4cdfce4" type="org.openqa.selenium.ElementNotInteractableException">org.openqa.selenium.ElementNotInteractableException: 
element not interactable
  (Session info: chrome=91.0.4472.124)
Build info: version: '4.0.0-beta-4', revision: '29f46d02dd'
System info: host: 'MUNTASIR-PC', ip: '192.168.1.185', os.name: 'Windows 10', os.arch: 'amd64', os.version: '10.0', java.version: '1.8.0_281'
Driver info: org.openqa.selenium.chrome.ChromeDriver
Command: [7da62bf332bbf5c18ae4bdf6e4cdfce4, clickElement {id=f5296a2f-8ee5-4cc7-bbb4-dd0432f53921}]
Capabilities {acceptInsecureCerts: false, browserName: chrome, browserVersion: 91.0.4472.124, chrome: {chromedriverVersion: 91.0.4472.19 (1bf021f248676..., userDataDir: C:\Windows\TEMP\scoped_dir9...}, goog:chromeOptions: {debuggerAddress: localhost:62546}, javascriptEnabled: true, networkConnectionEnabled: false, pageLoadStrategy: normal, platform: WINDOWS, platformName: WINDOWS, proxy: Proxy(), se:cdp: ws://localhost:62546/devtoo..., se:cdpVersion: 91.0.4472.124, setWindowRect: true, strictFileInteractability: false, timeouts: {implicit: 0, pageLoad: 300000, script: 30000}, unhandledPromptBehavior: dismiss and notify, webauthn:extension:largeBlob: true, webauthn:virtualAuthenticators: true}
Element: [[ChromeDriver: chrome on WINDOWS (7da62bf332bbf5c18ae4bdf6e4cdfce4)] -> xpath: //span[contains(text(),'My Account')]]
Session ID: 7da62bf332bbf5c18ae4bdf6e4cdfce4
	at com.tests.LoginTest.valid_emailAndPassword_LoginTest(LoginTest.java:34)
</failure>
    <system-out><![CDATA[[INFO ] 2021-07-09 15:54:03.604 [main] Log - valid_emailAndPassword_LoginTest test is skipped.
[INFO ] 2021-07-09 15:54:03.606 [main] Log - valid_emailAndPassword_LoginTest test is starting.
[INFO ] 2021-07-09 15:54:03.606 [main] Log - go to opencart home page
[INFO ] 2021-07-09 15:54:04.931 [main] Log - go to login page 
]]></system-out>
  </testcase>
</testsuite>